<?xml version="1.0" encoding="UTF-8"?>
<!-- Generated by org.testng.reporters.JUnitXMLReporter -->
<testsuite ignored="0" hostname="DESKTOP-0NGHC4B" failures="1" tests="1" name="Test" time="0.087" errors="0" timestamp="2024-09-09T00:40:36 IST">
  <testcase classname="TestNgListener.Test1" name="Demotest" time="0.022">
    <failure type="java.lang.AssertionError" message="null">
      <![CDATA[java.lang.AssertionError: null
at TestNgListener.Test1.Demotest(Test1.java:13)
at java.base/java.util.ArrayList.forEach(ArrayList.java:1596)
... Removed 27 stack frames]]>
    </failure>
  </testcase> <!-- Demotest -->
</testsuite> <!-- Test -->
