<?xml version="1.0" encoding="UTF-8"?>
<!-- Generated by org.testng.reporters.JUnitXMLReporter -->
<testsuite ignored="5" hostname="DESKTOP-0NGHC4B" failures="0" tests="2" name="Test" time="4.091" errors="0" timestamp="2024-09-09T00:36:21 IST">
  <testcase classname="TestngBatchExecution.Test4" name="Removeproduct" time="2.03"/>
  <testcase classname="TestngBatchExecution.Test5" name="Removeproduct" time="2.005"/>
  <testcase classname="TestngBatchExecution.Test5" name="Addproduct" time="0.0">
    <ignored/>
  </testcase> <!-- Addproduct -->
  <testcase classname="TestngBatchExecution.Test2" name="addproduct" time="0.0">
    <ignored/>
  </testcase> <!-- addproduct -->
  <testcase classname="TestngBatchExecution.Test4" name="Addproduct" time="0.0">
    <ignored/>
  </testcase> <!-- Addproduct -->
  <testcase classname="TestngBatchExecution.Test1" name="addproduct" time="0.0">
    <ignored/>
  </testcase> <!-- addproduct -->
  <testcase classname="TestngBatchExecution.Test3" name="addproduct" time="0.0">
    <ignored/>
  </testcase> <!-- addproduct -->
</testsuite> <!-- Test -->
