<?xml version="1.0" encoding="UTF-8"?>
<!-- Generated by org.testng.reporters.JUnitXMLReporter -->
<testsuite ignored="0" hostname="DESKTOP-0NGHC4B" failures="0" tests="3" name="Test" time="8.441" errors="0" timestamp="2024-09-09T00:40:31 IST">
  <testcase classname="TestngBatchExecution.Test3" name="addproduct" time="0.016"/>
  <testcase classname="TestngBatchExecution.Test1" name="addproduct" time="0.002"/>
  <testcase classname="TestngBatchExecution.Test2" name="addproduct" time="0.004"/>
</testsuite> <!-- Test -->
