<?xml version="1.0" encoding="UTF-8"?>
<!-- Generated by org.testng.reporters.JUnitXMLReporter -->
<testsuite ignored="0" hostname="DESKTOP-0NGHC4B" failures="0" tests="3" name="Test7,Test8,Test9" time="6.341" errors="0" timestamp="2024-09-09T12:04:39 IST">
  <testcase classname="Exam.Test8" name="screenshots" time="0.618"/>
  <testcase classname="Exam.Test7" name="dropDowns" time="0.305"/>
  <testcase classname="Exam.Test9" name="WEtextboxValue" time="0.347"/>
</testsuite> <!-- Test7,Test8,Test9 -->
