<?xml version="1.0" encoding="UTF-8"?>
<!-- Generated by org.testng.reporters.JUnitXMLReporter -->
<testsuite ignored="0" hostname="DESKTOP-0NGHC4B" failures="0" tests="3" name="Test1" time="22.151" errors="0" timestamp="2024-09-09T00:36:01 IST">
  <testcase classname="TestngBatchExecution.Test3" name="addproduct" time="0.024"/>
  <testcase classname="TestngBatchExecution.Test1" name="addproduct" time="0.001"/>
  <testcase classname="TestngBatchExecution.Test2" name="addproduct" time="0.001"/>
</testsuite> <!-- Test1 -->
