<?xml version="1.0" encoding="UTF-8"?>
<!-- Generated by org.testng.reporters.JUnitXMLReporter -->
<testsuite ignored="0" hostname="DESKTOP-0NGHC4B" failures="1" tests="3" name="Test" time="5.427" errors="0" timestamp="2024-09-10T09:33:22 IST">
  <testcase classname="Exam.Test10" name="Assertion" time="0.057"/>
  <testcase classname="Exam.Test10" name="POM" time="1.732">
    <failure type="java.lang.NullPointerException" message="Cannot invoke &amp;quot;org.apache.poi.ss.usermodel.Cell.getStringCellValue()&amp;quot; because the return value of &amp;quot;org.apache.poi.ss.usermodel.Row.getCell(int)&amp;quot; is null">
      <![CDATA[java.lang.NullPointerException: Cannot invoke "org.apache.poi.ss.usermodel.Cell.getStringCellValue()" because the return value of "org.apache.poi.ss.usermodel.Row.getCell(int)" is null
at Exam.Test10.POM(Test10.java:83)
at java.base/java.util.ArrayList.forEach(ArrayList.java:1596)
... Removed 25 stack frames]]>
    </failure>
  </testcase> <!-- POM -->
  <testcase classname="Exam.Test10" name="Properfilefetching" time="0.017"/>
</testsuite> <!-- Test -->
